<?xml version="1.0" encoding="UTF-8"?>
<testng-results ignored="0" total="2" passed="2" failed="0" skipped="0">
  <reporter-output>
  </reporter-output>
  <suite started-at="2022-03-22T10:46:52 IST" name="Suite" finished-at="2022-03-22T10:47:56 IST" duration-ms="63860">
    <groups>
    </groups>
    <test started-at="2022-03-22T10:46:52 IST" name="Test_chrome" finished-at="2022-03-22T10:47:14 IST" duration-ms="21999">
      <class name="com.Test.Test_001">
        <test-method is-config="true" signature="OpenBrowser(java.lang.String)[pri:0, instance:com.Test.Test_001@1603cd68]" started-at="2022-03-22T10:46:52 IST" name="OpenBrowser" finished-at="2022-03-22T10:46:58 IST" duration-ms="5888" status="PASS">
          <params>
            <param index="0">
              <value>
                <![CDATA[chrome]]>
              </value>
            </param>
          </params>
          <reporter-output>
          </reporter-output>
        </test-method> <!-- OpenBrowser -->
        <test-method signature="verify_001()[pri:0, instance:com.Test.Test_001@1603cd68]" started-at="2022-03-22T10:46:58 IST" name="verify_001" finished-at="2022-03-22T10:46:58 IST" duration-ms="432" status="PASS">
          <reporter-output>
          </reporter-output>
        </test-method> <!-- verify_001 -->
        <test-method is-config="true" signature="tearDown()[pri:0, instance:com.Test.Test_001@1603cd68]" started-at="2022-03-22T10:47:13 IST" name="tearDown" finished-at="2022-03-22T10:47:14 IST" duration-ms="764" status="PASS">
          <reporter-output>
          </reporter-output>
        </test-method> <!-- tearDown -->
      </class> <!-- com.Test.Test_001 -->
    </test> <!-- Test_chrome -->
    <test started-at="2022-03-22T10:47:14 IST" name="Test_edge" finished-at="2022-03-22T10:47:56 IST" duration-ms="41350">
      <class name="com.Test.Test_001">
        <test-method is-config="true" signature="BS()[pri:0, instance:com.Test.Test_001@466276d8]" started-at="2022-03-22T10:46:51 IST" name="BS" finished-at="2022-03-22T10:46:52 IST" duration-ms="946" status="PASS">
          <reporter-output>
          </reporter-output>
        </test-method> <!-- BS -->
        <test-method is-config="true" signature="OpenBrowser(java.lang.String)[pri:0, instance:com.Test.Test_001@466276d8]" started-at="2022-03-22T10:47:14 IST" name="OpenBrowser" finished-at="2022-03-22T10:47:37 IST" duration-ms="22812" status="PASS">
          <params>
            <param index="0">
              <value>
                <![CDATA[edge]]>
              </value>
            </param>
          </params>
          <reporter-output>
          </reporter-output>
        </test-method> <!-- OpenBrowser -->
        <test-method signature="verify_001()[pri:0, instance:com.Test.Test_001@466276d8]" started-at="2022-03-22T10:47:37 IST" name="verify_001" finished-at="2022-03-22T10:47:38 IST" duration-ms="295" status="PASS">
          <reporter-output>
          </reporter-output>
        </test-method> <!-- verify_001 -->
        <test-method is-config="true" signature="tearDown()[pri:0, instance:com.Test.Test_001@466276d8]" started-at="2022-03-22T10:47:55 IST" name="tearDown" finished-at="2022-03-22T10:47:56 IST" duration-ms="901" status="PASS">
          <reporter-output>
          </reporter-output>
        </test-method> <!-- tearDown -->
      </class> <!-- com.Test.Test_001 -->
    </test> <!-- Test_edge -->
  </suite> <!-- Suite -->
</testng-results>
